TN:
SF:src\services\store.ts
FN:34,useDispatch
FNF:1
FNH:0
FNDA:0,useDispatch
DA:1,1
DA:2,1
DA:3,1
DA:4,1
DA:5,1
DA:6,1
DA:7,1
DA:8,1
DA:9,1
DA:10,1
DA:11,1
DA:12,1
DA:13,1
DA:14,1
DA:15,1
DA:16,1
DA:17,1
DA:18,1
DA:19,1
DA:20,1
DA:21,1
DA:22,1
DA:23,1
DA:24,1
DA:25,1
DA:26,1
DA:27,1
DA:28,1
DA:29,1
DA:30,1
DA:31,1
DA:32,1
DA:33,1
DA:34,1
DA:35,1
DA:36,1
DA:37,1
LF:37
LH:37
BRF:0
BRH:0
end_of_record
TN:
SF:src\services\selectors\index.ts
FN:1,(empty-report)
FNF:1
FNH:0
FNDA:0,(empty-report)
DA:1,0
DA:2,0
DA:3,0
DA:4,0
DA:5,0
DA:6,0
DA:7,0
DA:8,0
DA:9,0
DA:10,0
DA:11,0
DA:12,0
DA:13,0
DA:14,0
DA:15,0
DA:16,0
DA:17,0
DA:18,0
DA:19,0
DA:20,0
DA:21,0
LF:21
LH:0
BRDA:1,0,0,0
BRF:1
BRH:0
end_of_record
TN:
SF:src\services\slices\burger-slice.ts
FN:20,reducer
FN:27,prepare
FN:31,removeFromConstructor
FN:34,resetConstructor
FN:35,reorderConstructor
FN:46,selectAll
FN:47,selectBun
FN:48,selectIngredients
FNF:8
FNH:4
FNDA:1,reducer
FNDA:1,prepare
FNDA:1,removeFromConstructor
FNDA:0,resetConstructor
FNDA:1,reorderConstructor
FNDA:0,selectAll
FNDA:0,selectBun
FNDA:0,selectIngredients
DA:1,1
DA:2,1
DA:3,1
DA:4,1
DA:5,1
DA:6,1
DA:7,1
DA:8,1
DA:9,1
DA:10,1
DA:11,1
DA:12,1
DA:13,1
DA:14,1
DA:15,1
DA:16,1
DA:17,1
DA:18,1
DA:19,1
DA:20,1
DA:21,1
DA:22,0
DA:23,1
DA:24,1
DA:25,1
DA:26,1
DA:27,1
DA:28,1
DA:29,1
DA:30,1
DA:31,1
DA:32,1
DA:33,1
DA:34,1
DA:35,1
DA:36,1
DA:37,1
DA:38,1
DA:39,1
DA:40,1
DA:41,1
DA:42,1
DA:43,1
DA:44,1
DA:45,1
DA:46,1
DA:47,1
DA:48,1
DA:49,1
DA:50,1
DA:51,1
DA:52,1
DA:53,1
DA:54,1
DA:55,1
DA:56,1
DA:57,1
DA:58,1
DA:59,1
DA:60,1
DA:61,1
DA:62,1
LF:62
LH:61
BRDA:20,0,0,1
BRDA:21,1,0,0
BRDA:27,2,0,1
BRDA:31,3,0,1
BRDA:35,4,0,1
BRF:5
BRH:4
end_of_record
TN:
SF:src\services\slices\feed-slice.ts
FN:32,addToFeed
FN:37,selectFeed
FN:38,selectOrders
FN:39,selectIsLoading
FN:40,selectTotal
FN:41,selectTotalToday
FN:43,extraReducers
FNF:7
FNH:1
FNDA:0,addToFeed
FNDA:0,selectFeed
FNDA:0,selectOrders
FNDA:0,selectIsLoading
FNDA:0,selectTotal
FNDA:0,selectTotalToday
FNDA:2,extraReducers
DA:1,1
DA:2,1
DA:3,1
DA:4,1
DA:5,1
DA:6,1
DA:7,1
DA:8,1
DA:9,1
DA:10,1
DA:11,1
DA:12,1
DA:13,1
DA:14,1
DA:15,1
DA:16,1
DA:17,1
DA:18,1
DA:19,1
DA:20,1
DA:21,1
DA:22,1
DA:23,1
DA:24,1
DA:25,0
DA:26,1
DA:27,1
DA:28,1
DA:29,1
DA:30,1
DA:31,1
DA:32,1
DA:33,0
DA:34,0
DA:35,1
DA:36,1
DA:37,1
DA:38,1
DA:39,1
DA:40,1
DA:41,1
DA:42,1
DA:43,1
DA:44,2
DA:45,2
DA:46,1
DA:47,2
DA:48,2
DA:49,1
DA:50,1
DA:51,1
DA:52,1
DA:53,1
DA:54,2
DA:55,2
DA:56,1
DA:57,1
DA:58,1
DA:59,2
DA:60,2
DA:61,1
DA:62,1
DA:63,1
DA:64,1
DA:65,1
DA:66,1
DA:67,1
DA:68,1
DA:69,1
DA:70,1
DA:71,1
LF:71
LH:68
BRDA:43,0,0,2
BRDA:45,1,0,1
BRDA:48,2,0,1
BRDA:55,3,0,1
BRDA:58,4,0,0
BRF:5
BRH:4
end_of_record
TN:
SF:src\services\slices\ingredients-slice.ts
FN:30,selectIngredients
FN:31,selectIsLoading
FN:33,extraReducers
FNF:3
FNH:1
FNDA:0,selectIngredients
FNDA:0,selectIsLoading
FNDA:2,extraReducers
DA:1,1
DA:2,1
DA:3,1
DA:4,1
DA:5,1
DA:6,1
DA:7,1
DA:8,1
DA:9,1
DA:10,1
DA:11,1
DA:12,1
DA:13,1
DA:14,1
DA:15,1
DA:16,1
DA:17,1
DA:18,1
DA:19,1
DA:20,1
DA:21,1
DA:22,1
DA:23,1
DA:24,1
DA:25,1
DA:26,1
DA:27,1
DA:28,1
DA:29,1
DA:30,1
DA:31,1
DA:32,1
DA:33,1
DA:34,2
DA:35,2
DA:36,1
DA:37,1
DA:38,2
DA:39,2
DA:40,1
DA:41,1
DA:42,1
DA:43,1
DA:44,2
DA:45,2
DA:46,1
DA:47,1
DA:48,1
DA:49,2
DA:50,2
DA:51,1
DA:52,1
DA:53,1
DA:54,1
DA:55,1
DA:56,1
LF:56
LH:56
BRDA:33,0,0,2
BRDA:35,1,0,1
BRDA:39,2,0,1
BRDA:45,3,0,1
BRDA:48,4,0,0
BRF:5
BRH:4
end_of_record
TN:
SF:src\services\slices\order-slice.ts
FN:35,clearOrderModalData
FN:38,placeOrder
FN:43,selectOrderModalData
FN:44,selectOrderRequest
FN:46,extraReducers
FNF:5
FNH:1
FNDA:0,clearOrderModalData
FNDA:0,placeOrder
FNDA:0,selectOrderModalData
FNDA:0,selectOrderRequest
FNDA:2,extraReducers
DA:1,1
DA:2,1
DA:3,1
DA:4,1
DA:5,1
DA:6,1
DA:7,1
DA:8,1
DA:9,1
DA:10,1
DA:11,1
DA:12,1
DA:13,1
DA:14,1
DA:15,1
DA:16,1
DA:17,1
DA:18,1
DA:19,1
DA:20,1
DA:21,1
DA:22,1
DA:23,1
DA:24,1
DA:25,1
DA:26,1
DA:27,1
DA:28,1
DA:29,1
DA:30,1
DA:31,1
DA:32,1
DA:33,1
DA:34,1
DA:35,1
DA:36,0
DA:37,1
DA:38,1
DA:39,0
DA:40,0
DA:41,1
DA:42,1
DA:43,1
DA:44,1
DA:45,1
DA:46,1
DA:47,2
DA:48,2
DA:49,1
DA:50,2
DA:51,2
DA:52,1
DA:53,1
DA:54,1
DA:55,2
DA:56,2
DA:57,1
DA:58,1
DA:59,1
DA:60,2
DA:61,2
DA:62,2
DA:63,1
DA:64,2
DA:65,2
DA:66,1
DA:67,1
DA:68,1
DA:69,2
DA:70,2
DA:71,1
DA:72,1
DA:73,1
DA:74,2
DA:75,2
DA:76,1
DA:77,1
DA:78,1
DA:79,1
DA:80,1
DA:81,1
DA:82,1
DA:83,1
LF:83
LH:80
BRDA:46,0,0,2
BRDA:48,1,0,1
BRDA:51,2,0,1
BRDA:56,3,0,1
BRDA:59,4,0,0
BRDA:62,5,0,1
BRDA:65,6,0,1
BRDA:70,7,0,1
BRDA:73,8,0,0
BRF:9
BRH:7
end_of_record
TN:
SF:src\services\slices\orders-slice.ts
FN:28,addOrder
FN:33,selectSuccess
FN:34,selectIsLoading
FN:35,selectOrders
FN:37,extraReducers
FNF:5
FNH:1
FNDA:0,addOrder
FNDA:0,selectSuccess
FNDA:0,selectIsLoading
FNDA:0,selectOrders
FNDA:2,extraReducers
DA:1,1
DA:2,1
DA:3,1
DA:4,1
DA:5,1
DA:6,1
DA:7,1
DA:8,1
DA:9,1
DA:10,1
DA:11,1
DA:12,1
DA:13,1
DA:14,1
DA:15,1
DA:16,1
DA:17,1
DA:18,1
DA:19,1
DA:20,1
DA:21,1
DA:22,1
DA:23,1
DA:24,1
DA:25,1
DA:26,1
DA:27,1
DA:28,1
DA:29,0
DA:30,0
DA:31,1
DA:32,1
DA:33,1
DA:34,1
DA:35,1
DA:36,1
DA:37,1
DA:38,2
DA:39,2
DA:40,1
DA:41,2
DA:42,2
DA:43,1
DA:44,1
DA:45,1
DA:46,2
DA:47,2
DA:48,1
DA:49,1
DA:50,1
DA:51,2
DA:52,2
DA:53,1
DA:54,1
DA:55,1
DA:56,1
DA:57,1
DA:58,1
DA:59,1
DA:60,1
LF:60
LH:58
BRDA:37,0,0,2
BRDA:39,1,0,1
BRDA:42,2,0,1
BRDA:47,3,0,1
BRDA:50,4,0,0
BRF:5
BRH:4
end_of_record
TN:
SF:src\services\slices\user-slice.ts
FN:117,setAuthCheck
FN:120,setUser
FN:125,selectUser
FN:126,selectAuthCheck
FN:127,selectIsLoading
FN:128,selectError
FN:130,extraReducers
FNF:7
FNH:1
FNDA:0,setAuthCheck
FNDA:0,setUser
FNDA:0,selectUser
FNDA:0,selectAuthCheck
FNDA:0,selectIsLoading
FNDA:0,selectError
FNDA:2,extraReducers
DA:1,1
DA:2,1
DA:3,1
DA:4,1
DA:5,1
DA:6,1
DA:7,1
DA:8,1
DA:9,1
DA:10,1
DA:11,1
DA:12,1
DA:13,1
DA:14,1
DA:15,1
DA:16,1
DA:17,1
DA:18,1
DA:19,1
DA:20,0
DA:21,0
DA:22,0
DA:23,0
DA:24,0
DA:25,0
DA:26,0
DA:27,0
DA:28,0
DA:29,1
DA:30,1
DA:31,1
DA:32,1
DA:33,1
DA:34,0
DA:35,0
DA:36,0
DA:37,0
DA:38,0
DA:39,0
DA:40,0
DA:41,0
DA:42,0
DA:43,1
DA:44,1
DA:45,1
DA:46,1
DA:47,1
DA:48,1
DA:49,1
DA:50,1
DA:51,1
DA:52,1
DA:53,1
DA:54,1
DA:55,1
DA:56,1
DA:57,1
DA:58,0
DA:59,0
DA:60,0
DA:61,0
DA:62,0
DA:63,0
DA:64,0
DA:65,0
DA:66,1
DA:67,1
DA:68,1
DA:69,1
DA:70,1
DA:71,0
DA:72,0
DA:73,0
DA:74,0
DA:75,0
DA:76,0
DA:77,0
DA:78,0
DA:79,1
DA:80,1
DA:81,1
DA:82,1
DA:83,1
DA:84,1
DA:85,1
DA:86,1
DA:87,0
DA:88,0
DA:89,0
DA:90,0
DA:91,1
DA:92,1
DA:93,1
DA:94,1
DA:95,1
DA:96,1
DA:97,1
DA:98,1
DA:99,1
DA:100,1
DA:101,1
DA:102,1
DA:103,1
DA:104,1
DA:105,1
DA:106,1
DA:107,1
DA:108,1
DA:109,1
DA:110,1
DA:111,1
DA:112,1
DA:113,1
DA:114,1
DA:115,1
DA:116,1
DA:117,1
DA:118,0
DA:119,1
DA:120,1
DA:121,0
DA:122,0
DA:123,1
DA:124,1
DA:125,1
DA:126,1
DA:127,1
DA:128,1
DA:129,1
DA:130,1
DA:131,2
DA:132,1
DA:133,2
DA:134,2
DA:135,1
DA:136,1
DA:137,1
DA:138,2
DA:139,2
DA:140,1
DA:141,1
DA:142,1
DA:143,1
DA:144,1
DA:145,2
DA:146,2
DA:147,2
DA:148,1
DA:149,2
DA:150,2
DA:151,1
DA:152,1
DA:153,1
DA:154,2
DA:155,2
DA:156,1
DA:157,1
DA:158,1
DA:159,1
DA:160,1
DA:161,2
DA:162,2
DA:163,2
DA:164,1
DA:165,2
DA:166,2
DA:167,1
DA:168,1
DA:169,1
DA:170,2
DA:171,2
DA:172,1
DA:173,1
DA:174,2
DA:175,2
DA:176,2
DA:177,1
DA:178,2
DA:179,2
DA:180,1
DA:181,1
DA:182,1
DA:183,2
DA:184,2
DA:185,1
DA:186,1
DA:187,2
DA:188,2
DA:189,2
DA:190,1
DA:191,2
DA:192,2
DA:193,1
DA:194,1
DA:195,1
DA:196,1
DA:197,2
DA:198,2
DA:199,1
DA:200,1
DA:201,1
DA:202,2
DA:203,2
DA:204,2
DA:205,1
DA:206,2
DA:207,2
DA:208,1
DA:209,1
DA:210,1
DA:211,2
DA:212,2
DA:213,1
DA:214,1
DA:215,1
DA:216,2
DA:217,2
DA:218,2
DA:219,1
DA:220,2
DA:221,2
DA:222,1
DA:223,1
DA:224,1
DA:225,2
DA:226,2
DA:227,1
DA:228,1
DA:229,1
DA:230,2
DA:231,2
DA:232,2
DA:233,1
DA:234,2
DA:235,2
DA:236,1
DA:237,1
DA:238,1
DA:239,1
DA:240,2
DA:241,2
DA:242,1
DA:243,1
DA:244,1
DA:245,2
DA:246,2
DA:247,1
DA:248,1
DA:249,1
DA:250,1
DA:251,1
DA:252,1
DA:253,1
LF:253
LH:212
BRDA:130,0,0,2
BRDA:131,1,0,1
BRDA:134,2,0,1
BRDA:136,3,0,0
BRDA:139,4,0,1
BRDA:147,5,0,1
BRDA:150,6,0,1
BRDA:152,7,0,0
BRDA:155,8,0,1
BRDA:163,9,0,1
BRDA:166,10,0,1
BRDA:168,11,0,0
BRDA:171,12,0,1
BRDA:176,13,0,1
BRDA:179,14,0,1
BRDA:181,15,0,0
BRDA:184,16,0,1
BRDA:189,17,0,1
BRDA:192,18,0,1
BRDA:195,19,0,0
BRDA:198,20,0,1
BRDA:204,21,0,1
BRDA:207,22,0,1
BRDA:209,23,0,0
BRDA:212,24,0,1
BRDA:218,25,0,1
BRDA:221,26,0,1
BRDA:223,27,0,0
BRDA:226,28,0,1
BRDA:232,29,0,1
BRDA:235,30,0,1
BRDA:237,31,0,0
BRDA:241,32,0,1
BRF:33
BRH:25
end_of_record
